<?xml version="1.0" encoding="UTF-8"?>
<!-- Generated by org.testng.reporters.JUnitReportReporter -->
<testsuite hostname="DESKTOP-JMI30AL" failures="0" tests="1" name="TestNGExecution.SearchSql" time="26.289" errors="0" timestamp="2023-09-27T19:32:13 IST" skipped="0">
  <testcase classname="TestNGExecution.SearchSql" name="search_SQL_in_firefox" time="26.289">
    <system-out>
      <![CDATA[SQL]]>
    </system-out>
  </testcase> <!-- search_SQL_in_firefox -->
  <system-out>
    <![CDATA[java
SQL]]>
  </system-out>
</testsuite> <!-- TestNGExecution.SearchSql -->
