<?xml version="1.0" encoding="UTF-8"?>
<!-- Generated by org.testng.reporters.JUnitReportReporter -->
<testsuite hostname="DESKTOP-JMI30AL" failures="0" tests="1" name="TestNGExecution.SearchJava" time="10.850" errors="0" timestamp="2023-09-27T19:32:13 IST" skipped="0">
  <testcase classname="TestNGExecution.SearchJava" name="java_search_in_chrome" time="10.850">
    <system-out>
      <![CDATA[java]]>
    </system-out>
  </testcase> <!-- java_search_in_chrome -->
  <system-out>
    <![CDATA[java
SQL]]>
  </system-out>
</testsuite> <!-- TestNGExecution.SearchJava -->
