<?xml version="1.0" encoding="UTF-8"?>
<!-- Generated by org.testng.reporters.JUnitReportReporter -->
<testsuite hostname="DESKTOP-JMI30AL" failures="0" tests="6" name="testNGAnnotation_Flags.Flag6" time="0.042" errors="0" timestamp="2023-09-20T15:20:18 IST" skipped="0">
  <testcase classname="testNGAnnotation_Flags.Flag6" name="st1" time="0.018"/>
  <testcase classname="testNGAnnotation_Flags.Flag6" name="st6" time="0.005"/>
  <testcase classname="testNGAnnotation_Flags.Flag6" name="st5" time="0.004"/>
  <testcase classname="testNGAnnotation_Flags.Flag6" name="st4" time="0.005"/>
  <testcase classname="testNGAnnotation_Flags.Flag6" name="st2" time="0.003"/>
  <testcase classname="testNGAnnotation_Flags.Flag6" name="st3" time="0.007"/>
</testsuite> <!-- testNGAnnotation_Flags.Flag6 -->
