<?xml version="1.0" encoding="UTF-8"?>
<!-- Generated by org.testng.reporters.JUnitReportReporter -->
<testsuite hostname="DESKTOP-JMI30AL" failures="0" tests="1" name="TestNG.Demo" time="0.026" errors="0" timestamp="2023-09-16T13:41:28 IST" skipped="0">
  <testcase classname="TestNG.Demo" name="Method1" time="0.026">
    <system-out>
      <![CDATA[method1]]>
    </system-out>
  </testcase> <!-- Method1 -->
  <system-out>
    <![CDATA[method1]]>
  </system-out>
</testsuite> <!-- TestNG.Demo -->
