<?xml version="1.0" encoding="UTF-8"?>
<!-- Generated by org.testng.reporters.JUnitReportReporter -->
<testsuite hostname="DESKTOP-JMI30AL" failures="0" tests="2" name="TestNGExecution.TestNGClass3" time="0.037" errors="0" timestamp="2023-09-28T11:21:04 IST" skipped="0">
  <testcase classname="TestNGExecution.TestNGClass3" name="method5" time="0.030">
    <system-out>
      <![CDATA[TestNGClass3 : Method5]]>
    </system-out>
  </testcase> <!-- method5 -->
  <testcase classname="TestNGExecution.TestNGClass3" name="method6" time="0.007">
    <system-out>
      <![CDATA[TestNGClass3 : Method6]]>
    </system-out>
  </testcase> <!-- method6 -->
  <system-out>
    <![CDATA[TestNGClass3 : Method5
TestNGClass3 : Method6
TestNGClass1 : Method1
TestNGClass1 : Method2
TestNGClass2 : Method3
TestNGClass2 : Method4]]>
  </system-out>
</testsuite> <!-- TestNGExecution.TestNGClass3 -->
