<?xml version="1.0" encoding="UTF-8"?>
<!-- Generated by org.testng.reporters.JUnitReportReporter -->
<testsuite hostname="DESKTOP-JMI30AL" failures="0" tests="2" name="TestNGExecution.TestNgClass2" time="0.034" errors="0" timestamp="2023-09-28T11:21:04 IST" skipped="0">
  <testcase classname="TestNGExecution.TestNgClass2" name="method4" time="0.016">
    <system-out>
      <![CDATA[TestNGClass2 : Method4]]>
    </system-out>
  </testcase> <!-- method4 -->
  <testcase classname="TestNGExecution.TestNgClass2" name="method3" time="0.018">
    <system-out>
      <![CDATA[TestNGClass2 : Method3]]>
    </system-out>
  </testcase> <!-- method3 -->
  <system-out>
    <![CDATA[TestNGClass3 : Method5
TestNGClass3 : Method6
TestNGClass1 : Method1
TestNGClass1 : Method2
TestNGClass2 : Method3
TestNGClass2 : Method4]]>
  </system-out>
</testsuite> <!-- TestNGExecution.TestNgClass2 -->
