<?xml version="1.0" encoding="UTF-8"?>
<!-- Generated by org.testng.reporters.JUnitReportReporter -->
<testsuite hostname="DESKTOP-JMI30AL" failures="0" tests="2" name="TestNGExecution.TestNGClass1" time="0.009" errors="0" timestamp="2023-09-28T11:21:04 IST" skipped="0">
  <testcase classname="TestNGExecution.TestNGClass1" name="method1" time="0.003">
    <system-out>
      <![CDATA[TestNGClass1 : Method1]]>
    </system-out>
  </testcase> <!-- method1 -->
  <testcase classname="TestNGExecution.TestNGClass1" name="method2" time="0.006">
    <system-out>
      <![CDATA[TestNGClass1 : Method2]]>
    </system-out>
  </testcase> <!-- method2 -->
  <system-out>
    <![CDATA[TestNGClass3 : Method5
TestNGClass3 : Method6
TestNGClass1 : Method1
TestNGClass1 : Method2
TestNGClass2 : Method3
TestNGClass2 : Method4]]>
  </system-out>
</testsuite> <!-- TestNGExecution.TestNGClass1 -->
